# JRE version: OpenJDK Runtime Environment (11.0.15) (build 11.0.15+0-b2043.56-9505619)
# Java VM: OpenJDK 64-Bit Server VM (11.0.15+0-b2043.56-9505619, mixed mode, tiered, compressed oops, g1 gc, windows-amd64)
Heap:
 garbage-first heap   total 260096K, used 206750K [0x0000000080000000, 0x0000000100000000)
  region size 1024K, 116 young (118784K), 15 survivors (15360K)
 Metaspace       used 113196K, capacity 116376K, committed 116436K, reserved 1150976K
  class space    used 14580K, capacity 15781K, committed 15820K, reserved 1048576K
GC Heap History (20 events):
Event: 2.977 GC heap after
{Heap after GC invocations=5 (full 0):
 garbage-first heap   total 260096K, used 21781K [0x0000000080000000, 0x0000000100000000)
  region size 1024K, 5 young (5120K), 5 survivors (5120K)
 Metaspace       used 34626K, capacity 35493K, committed 35708K, reserved 1081344K
  class space    used 4541K, capacity 4852K, committed 4864K, reserved 1048576K
}
Event: 4.102 GC heap before
{Heap before GC invocations=6 (full 0):
 garbage-first heap   total 260096K, used 160021K [0x0000000080000000, 0x0000000100000000)
  region size 1024K, 137 young (140288K), 5 survivors (5120K)
 Metaspace       used 46653K, capacity 47851K, committed 47996K, reserved 1091584K
  class space    used 5956K, capacity 6377K, committed 6400K, reserved 1048576K
}
Event: 4.109 GC heap after
{Heap after GC invocations=7 (full 0):
 garbage-first heap   total 260096K, used 30847K [0x0000000080000000, 0x0000000100000000)
  region size 1024K, 14 young (14336K), 14 survivors (14336K)
 Metaspace       used 46653K, capacity 47851K, committed 47996K, reserved 1091584K
  class space    used 5956K, capacity 6377K, committed 6400K, reserved 1048576K
}
Event: 6.096 GC heap before
{Heap before GC invocations=7 (full 0):
 garbage-first heap   total 260096K, used 177279K [0x0000000080000000, 0x0000000100000000)
  region size 1024K, 152 young (155648K), 14 survivors (14336K)
 Metaspace       used 58219K, capacity 59632K, committed 59728K, reserved 1101824K
  class space    used 7374K, capacity 7913K, committed 7936K, reserved 1048576K
}
Event: 6.114 GC heap after
{Heap after GC invocations=8 (full 0):
 garbage-first heap   total 260096K, used 49038K [0x0000000080000000, 0x0000000100000000)
  region size 1024K, 19 young (19456K), 19 survivors (19456K)
 Metaspace       used 58219K, capacity 59632K, committed 59728K, reserved 1101824K
  class space    used 7374K, capacity 7913K, committed 7936K, reserved 1048576K
}
Event: 7.443 GC heap before
{Heap before GC invocations=9 (full 0):
 garbage-first heap   total 260096K, used 193422K [0x0000000080000000, 0x0000000100000000)
  region size 1024K, 152 young (155648K), 19 survivors (19456K)
 Metaspace       used 71701K, capacity 73422K, committed 73552K, reserved 1114112K
  class space    used 9056K, capacity 9674K, committed 9728K, reserved 1048576K
}
Event: 7.454 GC heap after
{Heap after GC invocations=10 (full 0):
 garbage-first heap   total 260096K, used 59045K [0x0000000080000000, 0x0000000100000000)
  region size 1024K, 9 young (9216K), 9 survivors (9216K)
 Metaspace       used 71701K, capacity 73422K, committed 73552K, reserved 1114112K
  class space    used 9056K, capacity 9674K, committed 9728K, reserved 1048576K
}
Event: 8.592 GC heap before
{Heap before GC invocations=10 (full 0):
 garbage-first heap   total 260096K, used 195237K [0x0000000080000000, 0x0000000100000000)
  region size 1024K, 142 young (145408K), 9 survivors (9216K)
 Metaspace       used 80270K, capacity 82072K, committed 82384K, reserved 1120256K
  class space    used 10332K, capacity 11051K, committed 11136K, reserved 1048576K
}
Event: 8.600 GC heap after
{Heap after GC invocations=11 (full 0):
 garbage-first heap   total 260096K, used 66598K [0x0000000080000000, 0x0000000100000000)
  region size 1024K, 17 young (17408K), 17 survivors (17408K)
 Metaspace       used 80270K, capacity 82072K, committed 82384K, reserved 1120256K
  class space    used 10332K, capacity 11051K, committed 11136K, reserved 1048576K
}
Event: 9.774 GC heap before
{Heap before GC invocations=11 (full 0):
 garbage-first heap   total 260096K, used 200742K [0x0000000080000000, 0x0000000100000000)
  region size 1024K, 148 young (151552K), 17 survivors (17408K)
 Metaspace       used 90913K, capacity 93111K, committed 93392K, reserved 1130496K
  class space    used 11782K, capacity 12596K, committed 12672K, reserved 1048576K
}
Event: 9.785 GC heap after
{Heap after GC invocations=12 (full 0):
 garbage-first heap   total 260096K, used 77230K [0x0000000080000000, 0x0000000100000000)
  region size 1024K, 19 young (19456K), 19 survivors (19456K)
 Metaspace       used 90913K, capacity 93111K, committed 93392K, reserved 1130496K
  class space    used 11782K, capacity 12596K, committed 12672K, reserved 1048576K
}
Event: 10.609 GC heap before
{Heap before GC invocations=12 (full 0):
 garbage-first heap   total 260096K, used 204206K [0x0000000080000000, 0x0000000100000000)
  region size 1024K, 143 young (146432K), 19 survivors (19456K)
 Metaspace       used 95379K, capacity 98179K, committed 98256K, reserved 1134592K
  class space    used 12393K, capacity 13440K, committed 13440K, reserved 1048576K
}
Event: 10.625 GC heap after
{Heap after GC invocations=13 (full 0):
 garbage-first heap   total 260096K, used 90896K [0x0000000080000000, 0x0000000100000000)
  region size 1024K, 14 young (14336K), 14 survivors (14336K)
 Metaspace       used 95379K, capacity 98179K, committed 98256K, reserved 1134592K
  class space    used 12393K, capacity 13440K, committed 13440K, reserved 1048576K
}
Event: 10.852 GC heap before
{Heap before GC invocations=13 (full 0):
 garbage-first heap   total 260096K, used 123664K [0x0000000080000000, 0x0000000100000000)
  region size 1024K, 47 young (48128K), 14 survivors (14336K)
 Metaspace       used 97126K, capacity 99873K, committed 99976K, reserved 1136640K
  class space    used 12619K, capacity 13676K, committed 13696K, reserved 1048576K
}
Event: 10.860 GC heap after
{Heap after GC invocations=14 (full 0):
 garbage-first heap   total 260096K, used 93933K [0x0000000080000000, 0x0000000100000000)
  region size 1024K, 3 young (3072K), 3 survivors (3072K)
 Metaspace       used 97126K, capacity 99873K, committed 99976K, reserved 1136640K
  class space    used 12619K, capacity 13676K, committed 13696K, reserved 1048576K
}
Event: 11.613 GC heap before
{Heap before GC invocations=15 (full 0):
 garbage-first heap   total 260096K, used 197357K [0x0000000080000000, 0x0000000100000000)
  region size 1024K, 105 young (107520K), 3 survivors (3072K)
 Metaspace       used 102500K, capacity 105370K, committed 105556K, reserved 1140736K
  class space    used 13294K, capacity 14384K, committed 14412K, reserved 1048576K
}
Event: 11.620 GC heap after
{Heap after GC invocations=16 (full 0):
 garbage-first heap   total 260096K, used 97142K [0x0000000080000000, 0x0000000100000000)
  region size 1024K, 6 young (6144K), 6 survivors (6144K)
 Metaspace       used 102500K, capacity 105370K, committed 105556K, reserved 1140736K
  class space    used 13294K, capacity 14384K, committed 14412K, reserved 1048576K
}
Event: 13.131 GC heap before
{Heap before GC invocations=17 (full 0):
 garbage-first heap   total 260096K, used 201590K [0x0000000080000000, 0x0000000100000000)
  region size 1024K, 109 young (111616K), 6 survivors (6144K)
 Metaspace       used 106726K, capacity 109439K, committed 109908K, reserved 1144832K
  class space    used 13664K, capacity 14667K, committed 14924K, reserved 1048576K
}
Event: 13.138 GC heap after
{Heap after GC invocations=18 (full 0):
 garbage-first heap   total 260096K, used 103326K [0x0000000080000000, 0x0000000100000000)
  region size 1024K, 12 young (12288K), 12 survivors (12288K)
 Metaspace       used 106726K, capacity 109439K, committed 109908K, reserved 1144832K
  class space    used 13664K, capacity 14667K, committed 14924K, reserved 1048576K
}
Event: 20.771 GC heap before
{Heap before GC invocations=18 (full 0):
 garbage-first heap   total 260096K, used 205726K [0x0000000080000000, 0x0000000100000000)
  region size 1024K, 113 young (115712K), 12 survivors (12288K)
 Metaspace       used 113196K, capacity 116376K, committed 116436K, reserved 1150976K
  class space    used 14580K, capacity 15781K, committed 15820K, reserved 1048576K
}

