# JRE version: OpenJDK Runtime Environment (11.0.15) (build 11.0.15+0-b2043.56-9505619)
# Java VM: OpenJDK 64-Bit Server VM (11.0.15+0-b2043.56-9505619, mixed mode, tiered, compressed oops, g1 gc, windows-amd64)
Heap:
 garbage-first heap   total 260096K, used 111052K [0x0000000080000000, 0x0000000100000000)
  region size 1024K, 12 young (12288K), 6 survivors (6144K)
 Metaspace       used 125163K, capacity 132138K, committed 132476K, reserved 1161216K
  class space    used 17440K, capacity 20356K, committed 20480K, reserved 1048576K
GC Heap History (20 events):
Event: 8.542 GC heap before
{Heap before GC invocations=14 (full 0):
 garbage-first heap   total 260096K, used 171104K [0x0000000080000000, 0x0000000100000000)
  region size 1024K, 113 young (115712K), 12 survivors (12288K)
 Metaspace       used 85542K, capacity 87654K, committed 87720K, reserved 1126400K
  class space    used 11103K, capacity 11895K, committed 11904K, reserved 1048576K
}
Event: 8.555 GC heap after
{Heap after GC invocations=15 (full 0):
 garbage-first heap   total 260096K, used 78562K [0x0000000080000000, 0x0000000100000000)
  region size 1024K, 15 young (15360K), 15 survivors (15360K)
 Metaspace       used 85542K, capacity 87654K, committed 87720K, reserved 1126400K
  class space    used 11103K, capacity 11895K, committed 11904K, reserved 1048576K
}
Event: 9.285 GC heap before
{Heap before GC invocations=15 (full 0):
 garbage-first heap   total 260096K, used 178914K [0x0000000080000000, 0x0000000100000000)
  region size 1024K, 114 young (116736K), 15 survivors (15360K)
 Metaspace       used 90282K, capacity 92909K, committed 93224K, reserved 1130496K
  class space    used 11753K, capacity 12736K, committed 12800K, reserved 1048576K
}
Event: 9.299 GC heap after
{Heap after GC invocations=16 (full 0):
 garbage-first heap   total 260096K, used 89314K [0x0000000080000000, 0x0000000100000000)
  region size 1024K, 10 young (10240K), 10 survivors (10240K)
 Metaspace       used 90282K, capacity 92909K, committed 93224K, reserved 1130496K
  class space    used 11753K, capacity 12736K, committed 12800K, reserved 1048576K
}
Event: 9.868 GC heap before
{Heap before GC invocations=16 (full 0):
 garbage-first heap   total 260096K, used 186594K [0x0000000080000000, 0x0000000100000000)
  region size 1024K, 106 young (108544K), 10 survivors (10240K)
 Metaspace       used 94746K, capacity 97558K, committed 97704K, reserved 1134592K
  class space    used 12308K, capacity 13364K, committed 13440K, reserved 1048576K
}
Event: 9.875 GC heap after
{Heap after GC invocations=17 (full 0):
 garbage-first heap   total 260096K, used 93792K [0x0000000080000000, 0x0000000100000000)
  region size 1024K, 5 young (5120K), 5 survivors (5120K)
 Metaspace       used 94746K, capacity 97558K, committed 97704K, reserved 1134592K
  class space    used 12308K, capacity 13364K, committed 13440K, reserved 1048576K
}
Event: 10.421 GC heap before
{Heap before GC invocations=17 (full 0):
 garbage-first heap   total 260096K, used 193120K [0x0000000080000000, 0x0000000100000000)
  region size 1024K, 103 young (105472K), 5 survivors (5120K)
 Metaspace       used 98966K, capacity 101799K, committed 102056K, reserved 1138688K
  class space    used 12821K, capacity 13867K, committed 13952K, reserved 1048576K
}
Event: 10.428 GC heap after
{Heap after GC invocations=18 (full 0):
 garbage-first heap   total 260096K, used 99758K [0x0000000080000000, 0x0000000100000000)
  region size 1024K, 11 young (11264K), 11 survivors (11264K)
 Metaspace       used 98966K, capacity 101799K, committed 102056K, reserved 1138688K
  class space    used 12821K, capacity 13867K, committed 13952K, reserved 1048576K
}
Event: 10.961 GC heap before
{Heap before GC invocations=18 (full 0):
 garbage-first heap   total 260096K, used 198062K [0x0000000080000000, 0x0000000100000000)
  region size 1024K, 108 young (110592K), 11 survivors (11264K)
 Metaspace       used 107931K, capacity 112249K, committed 112296K, reserved 1144832K
  class space    used 14461K, capacity 16225K, committed 16256K, reserved 1048576K
}
Event: 10.969 GC heap after
{Heap after GC invocations=19 (full 0):
 garbage-first heap   total 260096K, used 103354K [0x0000000080000000, 0x0000000100000000)
  region size 1024K, 11 young (11264K), 11 survivors (11264K)
 Metaspace       used 107931K, capacity 112249K, committed 112296K, reserved 1144832K
  class space    used 14461K, capacity 16225K, committed 16256K, reserved 1048576K
}
Event: 11.055 GC heap before
{Heap before GC invocations=19 (full 0):
 garbage-first heap   total 260096K, used 113594K [0x0000000080000000, 0x0000000100000000)
  region size 1024K, 22 young (22528K), 11 survivors (11264K)
 Metaspace       used 109611K, capacity 114588K, committed 114728K, reserved 1146880K
  class space    used 14932K, capacity 17038K, committed 17152K, reserved 1048576K
}
Event: 11.063 GC heap after
{Heap after GC invocations=20 (full 0):
 garbage-first heap   total 260096K, used 104505K [0x0000000080000000, 0x0000000100000000)
  region size 1024K, 6 young (6144K), 6 survivors (6144K)
 Metaspace       used 109611K, capacity 114588K, committed 114728K, reserved 1146880K
  class space    used 14932K, capacity 17038K, committed 17152K, reserved 1048576K
}
Event: 11.857 GC heap before
{Heap before GC invocations=21 (full 0):
 garbage-first heap   total 260096K, used 205881K [0x0000000080000000, 0x0000000100000000)
  region size 1024K, 106 young (108544K), 6 survivors (6144K)
 Metaspace       used 119679K, capacity 126565K, committed 126716K, reserved 1157120K
  class space    used 16906K, capacity 19765K, committed 19840K, reserved 1048576K
}
Event: 11.865 GC heap after
{Heap after GC invocations=22 (full 0):
 garbage-first heap   total 260096K, used 105481K [0x0000000080000000, 0x0000000100000000)
  region size 1024K, 7 young (7168K), 7 survivors (7168K)
 Metaspace       used 119679K, capacity 126565K, committed 126716K, reserved 1157120K
  class space    used 16906K, capacity 19765K, committed 19840K, reserved 1048576K
}
Event: 12.042 GC heap before
{Heap before GC invocations=23 (full 0):
 garbage-first heap   total 260096K, used 129033K [0x0000000080000000, 0x0000000100000000)
  region size 1024K, 17 young (17408K), 7 survivors (7168K)
 Metaspace       used 120340K, capacity 127254K, committed 127356K, reserved 1157120K
  class space    used 17006K, capacity 19870K, committed 19968K, reserved 1048576K
}
Event: 12.047 GC heap after
{Heap after GC invocations=24 (full 0):
 garbage-first heap   total 260096K, used 121162K [0x0000000080000000, 0x0000000100000000)
  region size 1024K, 7 young (7168K), 7 survivors (7168K)
 Metaspace       used 120340K, capacity 127254K, committed 127356K, reserved 1157120K
  class space    used 17006K, capacity 19870K, committed 19968K, reserved 1048576K
}
Event: 12.276 GC heap before
{Heap before GC invocations=25 (full 0):
 garbage-first heap   total 260096K, used 137546K [0x0000000080000000, 0x0000000100000000)
  region size 1024K, 9 young (9216K), 7 survivors (7168K)
 Metaspace       used 120512K, capacity 127450K, committed 127612K, reserved 1157120K
  class space    used 17028K, capacity 19871K, committed 19968K, reserved 1048576K
}
Event: 12.282 GC heap after
{Heap after GC invocations=26 (full 0):
 garbage-first heap   total 260096K, used 105732K [0x0000000080000000, 0x0000000100000000)
  region size 1024K, 6 young (6144K), 6 survivors (6144K)
 Metaspace       used 120512K, capacity 127450K, committed 127612K, reserved 1157120K
  class space    used 17028K, capacity 19871K, committed 19968K, reserved 1048576K
}
Event: 2638.072 GC heap before
{Heap before GC invocations=27 (full 0):
 garbage-first heap   total 260096K, used 198916K [0x0000000080000000, 0x0000000100000000)
  region size 1024K, 87 young (89088K), 6 survivors (6144K)
 Metaspace       used 125129K, capacity 132113K, committed 132348K, reserved 1161216K
  class space    used 17435K, capacity 20349K, committed 20352K, reserved 1048576K
}
Event: 2638.080 GC heap after
{Heap after GC invocations=28 (full 0):
 garbage-first heap   total 260096K, used 105932K [0x0000000080000000, 0x0000000100000000)
  region size 1024K, 6 young (6144K), 6 survivors (6144K)
 Metaspace       used 125129K, capacity 132113K, committed 132348K, reserved 1161216K
  class space    used 17435K, capacity 20349K, committed 20352K, reserved 1048576K
}

